
Showing logs for build [32mcb-kubecd-environment-pr-230-18-sgvrd-1[0m stage [32mfrom-build-pack[0m and container [32mstep-credential-initializer-6bmtp[0m
{"level":"info","ts":1590290514.5327835,"logger":"fallback-logger","caller":"logging/config.go:69","msg":"Fetch GitHub commit ID from kodata failed: open /var/run/ko/refs/heads/0.8.0-ns-support: no such file or directory"}
{"level":"info","ts":1590290514.5334957,"logger":"fallback-logger","caller":"creds-init/main.go:40","msg":"Credentials initialized."}

Showing logs for build [32mcb-kubecd-environment-pr-230-18-sgvrd-1[0m stage [32mfrom-build-pack[0m and container [32mstep-working-dir-initializer-qgp2d[0m
{"level":"info","ts":1590290515.219623,"logger":"fallback-logger","caller":"logging/config.go:69","msg":"Fetch GitHub commit ID from kodata failed: open /var/run/ko/HEAD: no such file or directory"}
{"level":"info","ts":1590290515.2215989,"logger":"fallback-logger","caller":"bash/main.go:64","msg":"Successfully executed command \"sh -c mkdir -p /workspace/source\"; output "}

Showing logs for build [32mcb-kubecd-environment-pr-230-18-sgvrd-1[0m stage [32mfrom-build-pack[0m and container [32mstep-place-tools[0m

Showing logs for build [32mcb-kubecd-environment-pr-230-18-sgvrd-1[0m stage [32mfrom-build-pack[0m and container [32mstep-git-source-cb-kubecd-environment-pr-230-18-sgvrd-dtzrc[0m
{"level":"info","ts":1590290521.5612345,"logger":"fallback-logger","caller":"logging/config.go:69","msg":"Fetch GitHub commit ID from kodata failed: open /var/run/ko/refs/heads/0.8.0-ns-support: no such file or directory"}
{"level":"info","ts":1590290522.670545,"logger":"fallback-logger","caller":"git/git.go:103","msg":"Successfully cloned https://github.com/cb-kubecd/environment-pr-230-18-boot-vault-gke-staging.git @ master in path /workspace/source"}

Showing logs for build [32mcb-kubecd-environment-pr-230-18-sgvrd-1[0m stage [32mfrom-build-pack[0m and container [32mstep-git-merge[0m
Using SHAs from PULL_REFS=master:2266997dd3164fb6cc7a17aa0f2e4a80da49ab93,3:07d696945d2d51e152c09988c46e4a79b921c5a9
DEBUG: LC_ALL=C JX_LOG_LEVEL=error git fetch origin --unshallow 07d696945d2d51e152c09988c46e4a79b921c5a9: 2266997dd3164fb6cc7a17aa0f2e4a80da49ab93:
DEBUG: ran git fetch --unshallow origin 07d696945d2d51e152c09988c46e4a79b921c5a9: 2266997dd3164fb6cc7a17aa0f2e4a80da49ab93: in 
DEBUG: LC_ALL=C JX_LOG_LEVEL=error git branch
DEBUG: LC_ALL=C JX_LOG_LEVEL=error git checkout master
DEBUG: ran git checkout master in 
DEBUG: LC_ALL=C JX_LOG_LEVEL=error git reset --hard 2266997dd3164fb6cc7a17aa0f2e4a80da49ab93
DEBUG: ran git reset --hard 2266997dd3164fb6cc7a17aa0f2e4a80da49ab93 in 
DEBUG: LC_ALL=C JX_LOG_LEVEL=error git clean -fd .
DEBUG: ran clean --force -d . in 
DEBUG: LC_ALL=C JX_LOG_LEVEL=error git merge 07d696945d2d51e152c09988c46e4a79b921c5a9
DEBUG: ran git merge 07d696945d2d51e152c09988c46e4a79b921c5a9 in 
DEBUG: JX_LOG_LEVEL=error LC_ALL=C git log --format=%H%x1f%an%x1f%ae%x1f%cn%x1f%ce%x1f%s%n%b%x1e 2266997dd3164fb6cc7a17aa0f2e4a80da49ab93..HEAD
Merged SHA 07d696945d2d51e152c09988c46e4a79b921c5a9 with commit message 'chore: Promote bdd-gh-1590289191 to version 0.0.1' into base branch master

Showing logs for build [32mcb-kubecd-environment-pr-230-18-sgvrd-1[0m stage [32mfrom-build-pack[0m and container [32mstep-build-helm-build[0m
WARNING: No $CHART_REPOSITORY defined so using the default value of: http://jenkins-x-chartmuseum:8080
Adding missing Helm repo: storage.googleapis.com https://storage.googleapis.com/chartmuseum.jenkins-x.io
WARNING: No secrets found on "helm/repos" due: reading the secret "helm/repos" from vault: no secret "helm/repos" not found in vault
Read credentials for https://storage.googleapis.com/chartmuseum.jenkins-x.io from vault helm/repos
Successfully added Helm repository storage.googleapis.com.
Adding missing Helm repo: jenkins-x-chartmuseum http://jenkins-x-chartmuseum:8080
WARNING: No secrets found on "helm/repos" due: reading the secret "helm/repos" from vault: no secret "helm/repos" not found in vault
Read credentials for http://jenkins-x-chartmuseum:8080 from vault helm/repos
Successfully added Helm repository jenkins-x-chartmuseum.
WARNING: No $CHART_REPOSITORY defined so using the default value of: http://jenkins-x-chartmuseum:8080
Adding missing Helm repo: chartmuseum.jenkins-x.io http://chartmuseum.jenkins-x.io
WARNING: No secrets found on "helm/repos" due: reading the secret "helm/repos" from vault: no secret "helm/repos" not found in vault
Read credentials for http://chartmuseum.jenkins-x.io from vault helm/repos
Successfully added Helm repository chartmuseum.jenkins-x.io.
