
Showing logs for build [32mcb-kubecd-environment-pr-230-18-q8f87-1[0m stage [32mfrom-build-pack[0m and container [32mstep-credential-initializer-f2rgr[0m
{"level":"info","ts":1590289597.0410984,"logger":"fallback-logger","caller":"logging/config.go:69","msg":"Fetch GitHub commit ID from kodata failed: open /var/run/ko/refs/heads/0.8.0-ns-support: no such file or directory"}
{"level":"info","ts":1590289597.041923,"logger":"fallback-logger","caller":"creds-init/main.go:40","msg":"Credentials initialized."}

Showing logs for build [32mcb-kubecd-environment-pr-230-18-q8f87-1[0m stage [32mfrom-build-pack[0m and container [32mstep-working-dir-initializer-9hzl7[0m
{"level":"info","ts":1590289597.9631457,"logger":"fallback-logger","caller":"logging/config.go:69","msg":"Fetch GitHub commit ID from kodata failed: open /var/run/ko/HEAD: no such file or directory"}
{"level":"info","ts":1590289597.964688,"logger":"fallback-logger","caller":"bash/main.go:64","msg":"Successfully executed command \"sh -c mkdir -p /workspace/source\"; output "}

Showing logs for build [32mcb-kubecd-environment-pr-230-18-q8f87-1[0m stage [32mfrom-build-pack[0m and container [32mstep-place-tools[0m

Showing logs for build [32mcb-kubecd-environment-pr-230-18-q8f87-1[0m stage [32mfrom-build-pack[0m and container [32mstep-git-source-cb-kubecd-environment-pr-230-18-q8f87-txkn4[0m
{"level":"info","ts":1590289602.964896,"logger":"fallback-logger","caller":"logging/config.go:69","msg":"Fetch GitHub commit ID from kodata failed: open /var/run/ko/refs/heads/0.8.0-ns-support: no such file or directory"}
{"level":"info","ts":1590289604.0317607,"logger":"fallback-logger","caller":"git/git.go:103","msg":"Successfully cloned https://github.com/cb-kubecd/environment-pr-230-18-boot-vault-gke-staging.git @ master in path /workspace/source"}

Showing logs for build [32mcb-kubecd-environment-pr-230-18-q8f87-1[0m stage [32mfrom-build-pack[0m and container [32mstep-git-merge[0m
Using SHAs from PULL_REFS=master:06af9fec646ca48c27d34c80da42e9d19026d491,2:dc373cc4c159d5c4812342424a17fbc96595aa86
DEBUG: LC_ALL=C JX_LOG_LEVEL=error git fetch origin --unshallow dc373cc4c159d5c4812342424a17fbc96595aa86: 06af9fec646ca48c27d34c80da42e9d19026d491:
DEBUG: ran git fetch --unshallow origin dc373cc4c159d5c4812342424a17fbc96595aa86: 06af9fec646ca48c27d34c80da42e9d19026d491: in 
DEBUG: LC_ALL=C JX_LOG_LEVEL=error git branch
DEBUG: LC_ALL=C JX_LOG_LEVEL=error git checkout master
DEBUG: ran git checkout master in 
DEBUG: LC_ALL=C JX_LOG_LEVEL=error git reset --hard 06af9fec646ca48c27d34c80da42e9d19026d491
DEBUG: ran git reset --hard 06af9fec646ca48c27d34c80da42e9d19026d491 in 
DEBUG: LC_ALL=C JX_LOG_LEVEL=error git clean -fd .
DEBUG: ran clean --force -d . in 
DEBUG: LC_ALL=C JX_LOG_LEVEL=error git merge dc373cc4c159d5c4812342424a17fbc96595aa86
DEBUG: ran git merge dc373cc4c159d5c4812342424a17fbc96595aa86 in 
DEBUG: LC_ALL=C JX_LOG_LEVEL=error git log --format=%H%x1f%an%x1f%ae%x1f%cn%x1f%ce%x1f%s%n%b%x1e 06af9fec646ca48c27d34c80da42e9d19026d491..HEAD
Merged SHA dc373cc4c159d5c4812342424a17fbc96595aa86 with commit message 'chore: Promote bdd-sbhg-1590289191 to version 0.0.1' into base branch master

Showing logs for build [32mcb-kubecd-environment-pr-230-18-q8f87-1[0m stage [32mfrom-build-pack[0m and container [32mstep-build-helm-build[0m
WARNING: No $CHART_REPOSITORY defined so using the default value of: http://jenkins-x-chartmuseum:8080
Adding missing Helm repo: storage.googleapis.com https://storage.googleapis.com/chartmuseum.jenkins-x.io
WARNING: No secrets found on "helm/repos" due: reading the secret "helm/repos" from vault: no secret "helm/repos" not found in vault
Read credentials for https://storage.googleapis.com/chartmuseum.jenkins-x.io from vault helm/repos
Successfully added Helm repository storage.googleapis.com.
Adding missing Helm repo: jenkins-x-chartmuseum http://jenkins-x-chartmuseum:8080
WARNING: No secrets found on "helm/repos" due: reading the secret "helm/repos" from vault: no secret "helm/repos" not found in vault
Read credentials for http://jenkins-x-chartmuseum:8080 from vault helm/repos
Successfully added Helm repository jenkins-x-chartmuseum.
WARNING: No $CHART_REPOSITORY defined so using the default value of: http://jenkins-x-chartmuseum:8080
Adding missing Helm repo: chartmuseum.jenkins-x.io http://chartmuseum.jenkins-x.io
WARNING: No secrets found on "helm/repos" due: reading the secret "helm/repos" from vault: no secret "helm/repos" not found in vault
Read credentials for http://chartmuseum.jenkins-x.io from vault helm/repos
Successfully added Helm repository chartmuseum.jenkins-x.io.
