
Showing logs for build [32mcb-kubecd-environment-pr-230-18-6kdjn-1[0m stage [32mfrom-build-pack[0m and container [32mstep-credential-initializer-64b2f[0m
{"level":"info","ts":1590290858.6149294,"logger":"fallback-logger","caller":"logging/config.go:69","msg":"Fetch GitHub commit ID from kodata failed: open /var/run/ko/refs/heads/0.8.0-ns-support: no such file or directory"}
{"level":"info","ts":1590290858.641835,"logger":"fallback-logger","caller":"creds-init/main.go:40","msg":"Credentials initialized."}

Showing logs for build [32mcb-kubecd-environment-pr-230-18-6kdjn-1[0m stage [32mfrom-build-pack[0m and container [32mstep-working-dir-initializer-sgc64[0m
{"level":"info","ts":1590290860.036062,"logger":"fallback-logger","caller":"logging/config.go:69","msg":"Fetch GitHub commit ID from kodata failed: open /var/run/ko/HEAD: no such file or directory"}
{"level":"info","ts":1590290860.0422583,"logger":"fallback-logger","caller":"bash/main.go:64","msg":"Successfully executed command \"sh -c mkdir -p /workspace/source\"; output "}

Showing logs for build [32mcb-kubecd-environment-pr-230-18-6kdjn-1[0m stage [32mfrom-build-pack[0m and container [32mstep-place-tools[0m

Showing logs for build [32mcb-kubecd-environment-pr-230-18-6kdjn-1[0m stage [32mfrom-build-pack[0m and container [32mstep-git-source-cb-kubecd-environment-pr-230-18-6kdjn-rwg7q[0m
{"level":"info","ts":1590290866.5214095,"logger":"fallback-logger","caller":"logging/config.go:69","msg":"Fetch GitHub commit ID from kodata failed: open /var/run/ko/refs/heads/0.8.0-ns-support: no such file or directory"}
{"level":"info","ts":1590290867.6351504,"logger":"fallback-logger","caller":"git/git.go:103","msg":"Successfully cloned https://github.com/cb-kubecd/environment-pr-230-18-boot-vault-gke-staging.git @ master in path /workspace/source"}

Showing logs for build [32mcb-kubecd-environment-pr-230-18-6kdjn-1[0m stage [32mfrom-build-pack[0m and container [32mstep-git-merge[0m
Using SHAs from PULL_REFS=master:6c659025e8a85041c68dcc3e93afa5b7544950cd,4:3a3622b5f83935d28432356d733f0be3824fe5af
DEBUG: LC_ALL=C JX_LOG_LEVEL=error git fetch origin --unshallow 3a3622b5f83935d28432356d733f0be3824fe5af: 6c659025e8a85041c68dcc3e93afa5b7544950cd:
DEBUG: ran git fetch --unshallow origin 3a3622b5f83935d28432356d733f0be3824fe5af: 6c659025e8a85041c68dcc3e93afa5b7544950cd: in 
DEBUG: LC_ALL=C JX_LOG_LEVEL=error git branch
DEBUG: LC_ALL=C JX_LOG_LEVEL=error git checkout master
DEBUG: ran git checkout master in 
DEBUG: JX_LOG_LEVEL=error LC_ALL=C git reset --hard 6c659025e8a85041c68dcc3e93afa5b7544950cd
DEBUG: ran git reset --hard 6c659025e8a85041c68dcc3e93afa5b7544950cd in 
DEBUG: LC_ALL=C JX_LOG_LEVEL=error git clean -fd .
DEBUG: ran clean --force -d . in 
DEBUG: LC_ALL=C JX_LOG_LEVEL=error git merge 3a3622b5f83935d28432356d733f0be3824fe5af
DEBUG: ran git merge 3a3622b5f83935d28432356d733f0be3824fe5af in 
DEBUG: LC_ALL=C JX_LOG_LEVEL=error git log --format=%H%x1f%an%x1f%ae%x1f%cn%x1f%ce%x1f%s%n%b%x1e 6c659025e8a85041c68dcc3e93afa5b7544950cd..HEAD
Merged SHA 3a3622b5f83935d28432356d733f0be3824fe5af with commit message 'chore: Promote bdd-nh-1590289191 to version 0.0.1' into base branch master

Showing logs for build [32mcb-kubecd-environment-pr-230-18-6kdjn-1[0m stage [32mfrom-build-pack[0m and container [32mstep-build-helm-build[0m
WARNING: No $CHART_REPOSITORY defined so using the default value of: http://jenkins-x-chartmuseum:8080
Adding missing Helm repo: storage.googleapis.com https://storage.googleapis.com/chartmuseum.jenkins-x.io
WARNING: No secrets found on "helm/repos" due: reading the secret "helm/repos" from vault: no secret "helm/repos" not found in vault
Read credentials for https://storage.googleapis.com/chartmuseum.jenkins-x.io from vault helm/repos
Successfully added Helm repository storage.googleapis.com.
Adding missing Helm repo: jenkins-x-chartmuseum http://jenkins-x-chartmuseum:8080
WARNING: No secrets found on "helm/repos" due: reading the secret "helm/repos" from vault: no secret "helm/repos" not found in vault
Read credentials for http://jenkins-x-chartmuseum:8080 from vault helm/repos
Successfully added Helm repository jenkins-x-chartmuseum.
WARNING: No $CHART_REPOSITORY defined so using the default value of: http://jenkins-x-chartmuseum:8080
Adding missing Helm repo: chartmuseum.jenkins-x.io http://chartmuseum.jenkins-x.io
WARNING: No secrets found on "helm/repos" due: reading the secret "helm/repos" from vault: no secret "helm/repos" not found in vault
Read credentials for http://chartmuseum.jenkins-x.io from vault helm/repos
Successfully added Helm repository chartmuseum.jenkins-x.io.
